[debug] > Exec(early(addDefaultCommands), None, None)
[debug] > Exec(addDefaultCommands, None, None)
[debug] > Exec(early(initialize), None, None)
[debug] > Exec(initialize, None, None)
[debug] > Exec(boot, None, None)
[debug] > Exec(writeSbtVersion, None, None)
[debug] > Exec(reload, None, None)
[debug] > Exec(sbtStashOnFailure, None, None)
[debug] > Exec(onFailure loadFailed, None, None)
[debug] > Exec(loadp, None, None)
[info] welcome to sbt 1.10.6 (Eclipse Adoptium Java 17.0.13)
[debug] Load.defaultLoad until apply took 299.310009ms
[debug]                 Load.loadUnit: plugins took 130.833604ms
[debug]                 Load.loadUnit: defsScala took 2.977485ms
[debug] [Loading] Scanning directory /mnt/Uni/FYP/mid-testing/Multicore_Processor/project/project
[debug]                   Load.loadUnit: mkEval took 12.741036ms
[debug] [Loading] Found non-root projects 
[debug] [Loading] Done in /mnt/Uni/FYP/mid-testing/Multicore_Processor/project/project, returning: ()
[debug] deducing auto plugins based on known facts Set(Atom(sbt.plugins.CorePlugin)) and clauses Clauses(Clause(Atom(sbt.plugins.JvmPlugin),Set(Atom(sbt.plugins.IvyPlugin)))
[debug] Clause(Atom(sbt.ScriptedPlugin),Set(Atom(sbt.plugins.JvmPlugin)))
[debug] Clause(Atom(sbt.plugins.SbtPlugin),Set(Atom(sbt.ScriptedPlugin)))
[debug] Clause(Atom(sbt.plugins.SemanticdbPlugin),Set(Atom(sbt.plugins.JvmPlugin)))
[debug] Clause(Atom(sbt.plugins.JUnitXmlReportPlugin),Set(Atom(sbt.plugins.JvmPlugin)))
[debug] Clause(Atom(sbt.plugins.MiniDependencyTreePlugin),Set(Atom(sbt.plugins.JvmPlugin)))
[debug] Clause(Atom(sbt.plugins.CorePlugin),Set(Atom(sbt.plugins.IvyPlugin)))
[debug] Clause(Atom(sbt.plugins.IvyPlugin),Set(Atom(sbt.plugins.JvmPlugin)))
[debug] Clause(Atom(sbt.plugins.JvmPlugin),Set(Atom(sbt.plugins.SemanticdbPlugin)))
[debug] Clause(Atom(sbt.plugins.JvmPlugin),Set(Atom(sbt.plugins.JUnitXmlReportPlugin)))
[debug] Clause(Atom(sbt.plugins.CorePlugin),Set(Atom(sbt.plugins.Giter8TemplatePlugin)))
[debug] Clause(Atom(sbt.plugins.JvmPlugin),Set(Atom(sbt.plugins.MiniDependencyTreePlugin))))
[debug]   :: deduced result: Matched(sbt.plugins.CorePlugin,sbt.plugins.Giter8TemplatePlugin,sbt.plugins.IvyPlugin,sbt.plugins.JvmPlugin,sbt.plugins.MiniDependencyTreePlugin,sbt.plugins.JUnitXmlReportPlugin,sbt.plugins.SemanticdbPlugin)
[debug] Plugins.deducer#function took 22.426586 ms
[info] loading settings for project multicore_processor-build-build from metals.sbt...
[debug]                     Load.resolveProject(multicore_processor-build-build) took 83.023103ms
[debug]                   Load.loadTransitive: finalizeProject(Project(id multicore_processor-build-build, base: /mnt/Uni/FYP/mid-testing/Multicore_Processor/project/project, plugins: List(<none>))) took 117.746203ms
[debug] [Loading] Done in /mnt/Uni/FYP/mid-testing/Multicore_Processor/project/project, returning: (multicore_processor-build-build)
[debug]                 Load.loadUnit: loadedProjectsRaw took 5317.457916ms
[debug]                 Load.loadUnit: cleanEvalClasses took 13.681736ms
[debug]               Load.loadUnit(file:/mnt/Uni/FYP/mid-testing/Multicore_Processor/project/project/, ...) took 5478.954827ms
[debug]             Load.apply: load took 5737.718487ms
[debug]             Load.apply: resolveProjects took 7.556998ms
[debug]             Load.apply: finalTransforms took 121.758475ms
[debug]             Load.apply: config.delegates took 10.417441ms
[debug]             Load.apply: Def.make(settings)... took 785.09718ms
[debug]             Load.apply: structureIndex took 177.170097ms
[debug]             Load.apply: mkStreams took 2.982689ms
[info] loading project definition from /mnt/Uni/FYP/mid-testing/Multicore_Processor/project/project
[debug] Running task... Cancel: Signal, check cycles: false, forcegc: true
[debug]           Load.loadUnit: plugins took 9990.638277ms
[debug]           Load.loadUnit: defsScala took 0.00722ms
[debug] [Loading] Scanning directory /mnt/Uni/FYP/mid-testing/Multicore_Processor/project
[debug]             Load.loadUnit: mkEval took 0.50087ms
[debug] [Loading] Found non-root projects 
[debug] [Loading] Done in /mnt/Uni/FYP/mid-testing/Multicore_Processor/project, returning: ()
[debug] deducing auto plugins based on known facts Set(Atom(sbt.plugins.CorePlugin)) and clauses Clauses(Clause(Atom(sbt.plugins.JvmPlugin),Set(Atom(sbt.plugins.IvyPlugin)))
[debug] Clause(Atom(sbt.ScriptedPlugin),Set(Atom(sbt.plugins.JvmPlugin)))
[debug] Clause(Atom(sbt.plugins.SbtPlugin),Set(Atom(sbt.ScriptedPlugin)))
[debug] Clause(Atom(sbt.plugins.SemanticdbPlugin),Set(Atom(sbt.plugins.JvmPlugin)))
[debug] Clause(Atom(sbt.plugins.JUnitXmlReportPlugin),Set(Atom(sbt.plugins.JvmPlugin)))
[debug] Clause(Atom(sbt.plugins.MiniDependencyTreePlugin),Set(Atom(sbt.plugins.JvmPlugin)))
[debug] Clause(Atom(bloop.integrations.sbt.BloopPlugin),Set(Atom(sbt.plugins.JvmPlugin)))
[debug] Clause(Atom(sbt.plugins.CorePlugin),Set(Atom(sbt.plugins.IvyPlugin)))
[debug] Clause(Atom(sbt.plugins.IvyPlugin),Set(Atom(sbt.plugins.JvmPlugin)))
[debug] Clause(Atom(sbt.plugins.JvmPlugin),Set(Atom(sbt.plugins.SemanticdbPlugin)))
[debug] Clause(Atom(sbt.plugins.JvmPlugin),Set(Atom(sbt.plugins.JUnitXmlReportPlugin)))
[debug] Clause(Atom(sbt.plugins.CorePlugin),Set(Atom(sbt.plugins.Giter8TemplatePlugin)))
[debug] Clause(Atom(sbt.plugins.JvmPlugin),Set(Atom(sbt.plugins.MiniDependencyTreePlugin)))
[debug] Clause(Atom(sbt.plugins.JvmPlugin),Set(Atom(bloop.integrations.sbt.BloopPlugin))))
[debug]   :: deduced result: Matched(sbt.plugins.CorePlugin,sbt.plugins.Giter8TemplatePlugin,sbt.plugins.IvyPlugin,sbt.plugins.JvmPlugin,bloop.integrations.sbt.BloopPlugin,sbt.plugins.MiniDependencyTreePlugin,sbt.plugins.JUnitXmlReportPlugin,sbt.plugins.SemanticdbPlugin)
[debug] Plugins.deducer#function took 4.819278 ms
[info] loading settings for project multicore_processor-build from metals.sbt...
[debug]               Load.resolveProject(multicore_processor-build) took 48.790943ms
[debug]             Load.loadTransitive: finalizeProject(Project(id multicore_processor-build, base: /mnt/Uni/FYP/mid-testing/Multicore_Processor/project, plugins: List(<none>))) took 55.238738ms
[debug] [Loading] Done in /mnt/Uni/FYP/mid-testing/Multicore_Processor/project, returning: (multicore_processor-build)
[debug]           Load.loadUnit: loadedProjectsRaw took 1304.712979ms
[debug]           Load.loadUnit: cleanEvalClasses took 0.892088ms
[debug]         Load.loadUnit(file:/mnt/Uni/FYP/mid-testing/Multicore_Processor/project/, ...) took 11297.26072ms
[debug]       Load.apply: load took 11300.101301ms
[debug]       Load.apply: resolveProjects took 0.17362ms
[debug]       Load.apply: finalTransforms took 42.215062ms
[debug]       Load.apply: config.delegates took 1.350965ms
[debug]       Load.apply: Def.make(settings)... took 232.580251ms
[debug]       Load.apply: structureIndex took 99.09488ms
[debug]       Load.apply: mkStreams took 0.010707ms
[info] loading project definition from /mnt/Uni/FYP/mid-testing/Multicore_Processor/project
[debug] Evaluating tasks: bloopInstall
[debug] Running task... Cancel: Signal, check cycles: false, forcegc: true
